<html>
<head>
<title>TestNG:  Default test</title>
<link href="../testng.css" rel="stylesheet" type="text/css" />
<link href="../my-testng.css" rel="stylesheet" type="text/css" />

<style type="text/css">
.log { display: none;} 
.stack-trace { display: none;} 
</style>
<script type="text/javascript">
<!--
function flip(e) {
  current = e.style.display;
  if (current == 'block') {
    e.style.display = 'none';
    return 0;
  }
  else {
    e.style.display = 'block';
    return 1;
  }
}

function toggleBox(szDivId, elem, msg1, msg2)
{
  var res = -1;  if (document.getElementById) {
    res = flip(document.getElementById(szDivId));
  }
  else if (document.all) {
    // this is the way old msie versions work
    res = flip(document.all[szDivId]);
  }
  if(elem) {
    if(res == 0) elem.innerHTML = msg1; else elem.innerHTML = msg2;
  }

}

function toggleAllBoxes() {
  if (document.getElementsByTagName) {
    d = document.getElementsByTagName('div');
    for (i = 0; i < d.length; i++) {
      if (d[i].className == 'log') {
        flip(d[i]);
      }
    }
  }
}

// -->
</script>

</head>
<body>
<h2 align='center'>Default test</h2><table border='1' align="center">
<tr>
<td>Tests passed/Failed/Skipped:</td><td>12/1/0</td>
</tr><tr>
<td>Started on:</td><td>Wed Apr 19 13:18:44 IST 2023</td>
</tr>
<tr><td>Total time:</td><td>47 seconds (47484 ms)</td>
</tr><tr>
<td>Included groups:</td><td></td>
</tr><tr>
<td>Excluded groups:</td><td></td>
</tr>
</table><p/>
<small><i>(Hover the method name to see the test class name)</i></small><p/>
<table width='100%' border='1' class='invocation-failed'>
<tr><td colspan='4' align='center'><b>FAILED TESTS</b></td></tr>
<tr><td><b>Test method</b></td>
<td><b>Attribute(s)</b></td>
<td width="30%"><b>Exception</b></td>
<td width="10%"><b>Time (seconds)</b></td>
<td><b>Instance</b></td>
</tr>
<tr>
<td title='com.telus.testcases.EndToEndTestFlow.customerLogin1()'><b>customerLogin1</b><br>Test class: com.telus.testcases.EndToEndTestFlow<br/>
<a href="#Output-518159731" onClick='toggleBox("Output-518159731", this, "Show output", "Hide output");'>Show output</a>

<a href="#Output-518159731" onClick="toggleAllBoxes();">Show all outputs</a>
<div class='log' id="Output-518159731">
Create account link is clicked successfully<br/>
CreteAccount button is not Selected successfully<br/>
CreteAccount button is enabled successfully<br/>
CreteAccount button is clicked<br/>
</div>
</td>
<td><div><pre>org.openqa.selenium.NoSuchElementException: no such element: Unable to locate element: {&quot;method&quot;:&quot;xpath&quot;,&quot;selector&quot;:&quot;//div[@id=&apos;firstname-error&apos;]&quot;}
  (Session info: chrome=112.0.5615.49)
For documentation on this error, please visit: https://www.seleniumhq.org/exceptions/no_such_element.html
Build info: version: &apos;3.141.59&apos;, revision: &apos;e82be7d358&apos;, time: &apos;2018-11-14T08:17:03&apos;
System info: host: &apos;DESKTOP-PVBHUTH&apos;, ip: &apos;192.168.43.154&apos;, os.name: &apos;Windows 10&apos;, os.arch: &apos;amd64&apos;, os.version: &apos;10.0&apos;, java.version: &apos;11.0.10&apos;
Driver info: org.openqa.selenium.chrome.ChromeDriver
Capabilities {acceptInsecureCerts: false, browserName: chrome, browserVersion: 112.0.5615.49, chrome: {chromedriverVersion: 112.0.5615.49 (bd2a7bcb881c..., userDataDir: C:\Users\hellooo\AppData\Lo...}, goog:chromeOptions: {debuggerAddress: localhost:53645}, javascriptEnabled: true, networkConnectionEnabled: false, pageLoadStrategy: normal, platform: WINDOWS, platformName: WINDOWS, proxy: Proxy(), setWindowRect: true, strictFileInteractability: false, timeouts: {implicit: 0, pageLoad: 300000, script: 30000}, unhandledPromptBehavior: dismiss and notify, webauthn:extension:credBlob: true, webauthn:extension:largeBlob: true, webauthn:extension:minPinLength: true, webauthn:extension:prf: true, webauthn:virtualAuthenticators: true}
Session ID: aa77948e4e8bfaae7073bb9d648383d6
*** Element info: {Using=xpath, value=//div[@id=&apos;firstname-error&apos;]}
	at java.base/jdk.internal.reflect.NativeConstructorAccessorImpl.newInstance0(Native Method)
	at java.base/jdk.internal.reflect.NativeConstructorAccessorImpl.newInstance(NativeConstructorAccessorImpl.java:62)
	at java.base/jdk.internal.reflect.DelegatingConstructorAccessorImpl.newInstance(DelegatingConstructorAccessorImpl.java:45)
	at java.base/java.lang.reflect.Constructor.newInstance(Constructor.java:490)
	at org.openqa.selenium.remote.http.W3CHttpResponseCodec.createException(W3CHttpResponseCodec.java:187)
	at org.openqa.selenium.remote.http.W3CHttpResponseCodec.decode(W3CHttpResponseCodec.java:122)
	at org.openqa.selenium.remote.http.W3CHttpResponseCodec.decode(W3CHttpResponseCodec.java:49)
	at org.openqa.selenium.remote.HttpCommandExecutor.execute(HttpCommandExecutor.java:158)
	at org.openqa.selenium.remote.service.DriverCommandExecutor.execute(DriverCommandExecutor.java:83)
	at org.openqa.selenium.remote.RemoteWebDriver.execute(RemoteWebDriver.java:552)
	at org.openqa.selenium.remote.RemoteWebDriver.findElement(RemoteWebDriver.java:323)
	at org.openqa.selenium.remote.RemoteWebDriver.findElementByXPath(RemoteWebDriver.java:428)
	at org.openqa.selenium.By$ByXPath.findElement(By.java:353)
	at org.openqa.selenium.remote.RemoteWebDriver.findElement(RemoteWebDriver.java:315)
	at org.openqa.selenium.support.pagefactory.DefaultElementLocator.findElement(DefaultElementLocator.java:69)
	at org.openqa.selenium.support.pagefactory.internal.LocatingElementHandler.invoke(LocatingElementHandler.java:38)
	at com.sun.proxy.$Proxy19.isDisplayed(Unknown Source)
	at com.telus.pages.RegisterSignInPage.getFirstNameErrorMsg(RegisterSignInPage.java:104)
	at com.telus.testcases.EndToEndTestFlow.customerLogin1(EndToEndTestFlow.java:75)
	at java.base/jdk.internal.reflect.NativeMethodAccessorImpl.invoke0(Native Method)
	at java.base/jdk.internal.reflect.NativeMethodAccessorImpl.invoke(NativeMethodAccessorImpl.java:62)
	at java.base/jdk.internal.reflect.DelegatingMethodAccessorImpl.invoke(DelegatingMethodAccessorImpl.java:43)
	at java.base/java.lang.reflect.Method.invoke(Method.java:566)
	at org.testng.internal.invokers.MethodInvocationHelper.invokeMethod(MethodInvocationHelper.java:139)
	at org.testng.internal.invokers.TestInvoker.invokeMethod(TestInvoker.java:677)
	at org.testng.internal.invokers.TestInvoker.invokeTestMethod(TestInvoker.java:221)
	at org.testng.internal.invokers.MethodRunner.runInSequence(MethodRunner.java:50)
	at org.testng.internal.invokers.TestInvoker$MethodInvocationAgent.invoke(TestInvoker.java:962)
	at org.testng.internal.invokers.TestInvoker.invokeTestMethods(TestInvoker.java:194)
	at org.testng.internal.invokers.TestMethodWorker.invokeTestMethods(TestMethodWorker.java:148)
	at org.testng.internal.invokers.TestMethodWorker.run(TestMethodWorker.java:128)
	at java.base/java.util.ArrayList.forEach(ArrayList.java:1541)
	at org.testng.TestRunner.privateRun(TestRunner.java:806)
	at org.testng.TestRunner.run(TestRunner.java:601)
	at org.testng.SuiteRunner.runTest(SuiteRunner.java:433)
	at org.testng.SuiteRunner.runSequentially(SuiteRunner.java:427)
	at org.testng.SuiteRunner.privateRun(SuiteRunner.java:387)
	at org.testng.SuiteRunner.run(SuiteRunner.java:330)
	at org.testng.SuiteRunnerWorker.runSuite(SuiteRunnerWorker.java:52)
	at org.testng.SuiteRunnerWorker.run(SuiteRunnerWorker.java:95)
	at org.testng.TestNG.runSuitesSequentially(TestNG.java:1256)
	at org.testng.TestNG.runSuitesLocally(TestNG.java:1176)
	at org.testng.TestNG.runSuites(TestNG.java:1099)
	at org.testng.TestNG.run(TestNG.java:1067)
	at org.testng.remote.AbstractRemoteTestNG.run(AbstractRemoteTestNG.java:115)
	at org.testng.remote.RemoteTestNG.initAndRun(RemoteTestNG.java:251)
	at org.testng.remote.RemoteTestNG.main(RemoteTestNG.java:77)
</pre></div><a href='#' onClick='toggleBox("stack-trace518159731", this, "Click to show all stack frames", "Click to hide stack frames")'>Click to show all stack frames</a>
<div class='stack-trace' id='stack-trace518159731'><pre>org.openqa.selenium.NoSuchElementException: no such element: Unable to locate element: {&quot;method&quot;:&quot;xpath&quot;,&quot;selector&quot;:&quot;//div[@id=&apos;firstname-error&apos;]&quot;}
  (Session info: chrome=112.0.5615.49)
For documentation on this error, please visit: https://www.seleniumhq.org/exceptions/no_such_element.html
Build info: version: &apos;3.141.59&apos;, revision: &apos;e82be7d358&apos;, time: &apos;2018-11-14T08:17:03&apos;
System info: host: &apos;DESKTOP-PVBHUTH&apos;, ip: &apos;192.168.43.154&apos;, os.name: &apos;Windows 10&apos;, os.arch: &apos;amd64&apos;, os.version: &apos;10.0&apos;, java.version: &apos;11.0.10&apos;
Driver info: org.openqa.selenium.chrome.ChromeDriver
Capabilities {acceptInsecureCerts: false, browserName: chrome, browserVersion: 112.0.5615.49, chrome: {chromedriverVersion: 112.0.5615.49 (bd2a7bcb881c..., userDataDir: C:\Users\hellooo\AppData\Lo...}, goog:chromeOptions: {debuggerAddress: localhost:53645}, javascriptEnabled: true, networkConnectionEnabled: false, pageLoadStrategy: normal, platform: WINDOWS, platformName: WINDOWS, proxy: Proxy(), setWindowRect: true, strictFileInteractability: false, timeouts: {implicit: 0, pageLoad: 300000, script: 30000}, unhandledPromptBehavior: dismiss and notify, webauthn:extension:credBlob: true, webauthn:extension:largeBlob: true, webauthn:extension:minPinLength: true, webauthn:extension:prf: true, webauthn:virtualAuthenticators: true}
Session ID: aa77948e4e8bfaae7073bb9d648383d6
*** Element info: {Using=xpath, value=//div[@id=&apos;firstname-error&apos;]}
	at java.base/jdk.internal.reflect.NativeConstructorAccessorImpl.newInstance0(Native Method)
	at java.base/jdk.internal.reflect.NativeConstructorAccessorImpl.newInstance(NativeConstructorAccessorImpl.java:62)
	at java.base/jdk.internal.reflect.DelegatingConstructorAccessorImpl.newInstance(DelegatingConstructorAccessorImpl.java:45)
	at java.base/java.lang.reflect.Constructor.newInstance(Constructor.java:490)
	at org.openqa.selenium.remote.http.W3CHttpResponseCodec.createException(W3CHttpResponseCodec.java:187)
	at org.openqa.selenium.remote.http.W3CHttpResponseCodec.decode(W3CHttpResponseCodec.java:122)
	at org.openqa.selenium.remote.http.W3CHttpResponseCodec.decode(W3CHttpResponseCodec.java:49)
	at org.openqa.selenium.remote.HttpCommandExecutor.execute(HttpCommandExecutor.java:158)
	at org.openqa.selenium.remote.service.DriverCommandExecutor.execute(DriverCommandExecutor.java:83)
	at org.openqa.selenium.remote.RemoteWebDriver.execute(RemoteWebDriver.java:552)
	at org.openqa.selenium.remote.RemoteWebDriver.findElement(RemoteWebDriver.java:323)
	at org.openqa.selenium.remote.RemoteWebDriver.findElementByXPath(RemoteWebDriver.java:428)
	at org.openqa.selenium.By$ByXPath.findElement(By.java:353)
	at org.openqa.selenium.remote.RemoteWebDriver.findElement(RemoteWebDriver.java:315)
	at org.openqa.selenium.support.pagefactory.DefaultElementLocator.findElement(DefaultElementLocator.java:69)
	at org.openqa.selenium.support.pagefactory.internal.LocatingElementHandler.invoke(LocatingElementHandler.java:38)
	at com.sun.proxy.$Proxy19.isDisplayed(Unknown Source)
	at com.telus.pages.RegisterSignInPage.getFirstNameErrorMsg(RegisterSignInPage.java:104)
	at com.telus.testcases.EndToEndTestFlow.customerLogin1(EndToEndTestFlow.java:75)
	at java.base/jdk.internal.reflect.NativeMethodAccessorImpl.invoke0(Native Method)
	at java.base/jdk.internal.reflect.NativeMethodAccessorImpl.invoke(NativeMethodAccessorImpl.java:62)
	at java.base/jdk.internal.reflect.DelegatingMethodAccessorImpl.invoke(DelegatingMethodAccessorImpl.java:43)
	at java.base/java.lang.reflect.Method.invoke(Method.java:566)
	at org.testng.internal.invokers.MethodInvocationHelper.invokeMethod(MethodInvocationHelper.java:139)
	at org.testng.internal.invokers.TestInvoker.invokeMethod(TestInvoker.java:677)
	at org.testng.internal.invokers.TestInvoker.invokeTestMethod(TestInvoker.java:221)
	at org.testng.internal.invokers.MethodRunner.runInSequence(MethodRunner.java:50)
	at org.testng.internal.invokers.TestInvoker$MethodInvocationAgent.invoke(TestInvoker.java:962)
	at org.testng.internal.invokers.TestInvoker.invokeTestMethods(TestInvoker.java:194)
	at org.testng.internal.invokers.TestMethodWorker.invokeTestMethods(TestMethodWorker.java:148)
	at org.testng.internal.invokers.TestMethodWorker.run(TestMethodWorker.java:128)
	at java.base/java.util.ArrayList.forEach(ArrayList.java:1541)
	at org.testng.TestRunner.privateRun(TestRunner.java:806)
	at org.testng.TestRunner.run(TestRunner.java:601)
	at org.testng.SuiteRunner.runTest(SuiteRunner.java:433)
	at org.testng.SuiteRunner.runSequentially(SuiteRunner.java:427)
	at org.testng.SuiteRunner.privateRun(SuiteRunner.java:387)
	at org.testng.SuiteRunner.run(SuiteRunner.java:330)
	at org.testng.SuiteRunnerWorker.runSuite(SuiteRunnerWorker.java:52)
	at org.testng.SuiteRunnerWorker.run(SuiteRunnerWorker.java:95)
	at org.testng.TestNG.runSuitesSequentially(TestNG.java:1256)
	at org.testng.TestNG.runSuitesLocally(TestNG.java:1176)
	at org.testng.TestNG.runSuites(TestNG.java:1099)
	at org.testng.TestNG.run(TestNG.java:1067)
	at org.testng.remote.AbstractRemoteTestNG.run(AbstractRemoteTestNG.java:115)
	at org.testng.remote.RemoteTestNG.initAndRun(RemoteTestNG.java:251)
	at org.testng.remote.RemoteTestNG.main(RemoteTestNG.java:77)
</pre></div></td>
<td>10</td>
<td>com.telus.testcases.EndToEndTestFlow@4f5991f6</td></tr>
</table><p>
<table width='100%' border='1' class='invocation-passed'>
<tr><td colspan='4' align='center'><b>PASSED TESTS</b></td></tr>
<tr><td><b>Test method</b></td>
<td><b>Attribute(s)</b></td>
<td width="30%"><b>Exception</b></td>
<td width="10%"><b>Time (seconds)</b></td>
<td><b>Instance</b></td>
</tr>
<tr>
<td title='com.telus.testcases.EndToEndTestFlow.signOutOption()'><b>signOutOption</b><br>Test class: com.telus.testcases.EndToEndTestFlow</td>
<td></td>
<td>2</td>
<td>com.telus.testcases.EndToEndTestFlow@4f5991f6</td></tr>
<tr>
<td title='com.telus.testcases.EndToEndTestFlow.logoPageValidation()'><b>logoPageValidation</b><br>Test class: com.telus.testcases.EndToEndTestFlow</td>
<td></td>
<td>2</td>
<td>com.telus.testcases.EndToEndTestFlow@4f5991f6</td></tr>
<tr>
<td title='com.telus.testcases.EndToEndTestFlow.customerLogin6()'><b>customerLogin6</b><br>Test class: com.telus.testcases.EndToEndTestFlow<br/>
<a href="#Output-473183836" onClick='toggleBox("Output-473183836", this, "Show output", "Hide output");'>Show output</a>

<a href="#Output-473183836" onClick="toggleAllBoxes();">Show all outputs</a>
<div class='log' id="Output-473183836">
Create account link is clicked successfully<br/>
FirstName is displayed successfully as vijay<br/>
LastName is displayed successfully as Antony<br/>
SignUp button is displayeded successfully<br/>
SignUp button is enabled successfully<br/>
SignUp button is clicked<br/>
email is displayed successfully as krish719@gamil.com<br/>
email is displayed successfully as Antony@143<br/>
CreteAccount button is not Selected successfully<br/>
CreteAccount button is enabled successfully<br/>
CreteAccount button is clicked<br/>
conformPasswordError Msg is displayed successfully<br/>
Actual and Expected title is same<br/>
The conformPasswordError Msg is displayed as This is a required field.<br/>
</div>
</td>
<td></td>
<td>2</td>
<td>com.telus.testcases.EndToEndTestFlow@4f5991f6</td></tr>
<tr>
<td title='com.telus.testcases.EndToEndTestFlow.signInFunctionality()'><b>signInFunctionality</b><br>Test class: com.telus.testcases.EndToEndTestFlow<br/>
<a href="#Output-999788668" onClick='toggleBox("Output-999788668", this, "Show output", "Hide output");'>Show output</a>

<a href="#Output-999788668" onClick="toggleAllBoxes();">Show all outputs</a>
<div class='log' id="Output-999788668">
SignIn button is not displayed successfully<br/>
SignIn button is enabled successfully<br/>
SignUp button is clicked<br/>
Customer Login<br/>
Title is displayed as :Customer Login<br/>
SignIn button is not Selected successfully<br/>
SignUp button is clicked<br/>
SignIn button is enabled successfully<br/>
emailError Msg is displayed successfully<br/>
Actual and Expected title is same<br/>
The emailError Msg is displayed as This is a required field.<br/>
passwordError Msg is displayed successfully<br/>
Actual and Expected title is same<br/>
The passwordError Msg is displayed as This is a required field.<br/>
</div>
</td>
<td></td>
<td>1</td>
<td>com.telus.testcases.EndToEndTestFlow@4f5991f6</td></tr>
<tr>
<td title='com.telus.testcases.EndToEndTestFlow.customerLogin3()'><b>customerLogin3</b><br>Test class: com.telus.testcases.EndToEndTestFlow<br/>
<a href="#Output-1352743983" onClick='toggleBox("Output-1352743983", this, "Show output", "Hide output");'>Show output</a>

<a href="#Output-1352743983" onClick="toggleAllBoxes();">Show all outputs</a>
<div class='log' id="Output-1352743983">
Create account link is clicked successfully<br/>
FirstName is displayed successfully as vijay<br/>
SignUp button is displayeded successfully<br/>
SignUp button is enabled successfully<br/>
SignUp button is clicked<br/>
email is displayed successfully as krish719@gamil.com<br/>
email is displayed successfully as Antony@143<br/>
email is displayed successfully as Antony@143<br/>
CreteAccount button is not Selected successfully<br/>
CreteAccount button is enabled successfully<br/>
CreteAccount button is clicked<br/>
lastNameError Msg is displayed successfully<br/>
Actual and Expected title is same<br/>
The lastNameError Msg is displayed as This is a required field.<br/>
</div>
</td>
<td></td>
<td>2</td>
<td>com.telus.testcases.EndToEndTestFlow@4f5991f6</td></tr>
<tr>
<td title='com.telus.testcases.EndToEndTestFlow.customerLogin2()'><b>customerLogin2</b><br>Test class: com.telus.testcases.EndToEndTestFlow<br/>
<a href="#Output-1898730595" onClick='toggleBox("Output-1898730595", this, "Show output", "Hide output");'>Show output</a>

<a href="#Output-1898730595" onClick="toggleAllBoxes();">Show all outputs</a>
<div class='log' id="Output-1898730595">
Create account link is clicked successfully<br/>
LastName is displayed successfully as Antony<br/>
SignUp button is displayeded successfully<br/>
SignUp button is enabled successfully<br/>
SignUp button is clicked<br/>
email is displayed successfully as krish719@gamil.com<br/>
email is displayed successfully as Antony@143<br/>
email is displayed successfully as Antony@143<br/>
CreteAccount button is not Selected successfully<br/>
CreteAccount button is enabled successfully<br/>
CreteAccount button is clicked<br/>
FirstNameError Msg is displayed successfully<br/>
Actual and Expected title is same<br/>
The FirstNameError Msg is displayed as This is a required field.<br/>
</div>
</td>
<td></td>
<td>2</td>
<td>com.telus.testcases.EndToEndTestFlow@4f5991f6</td></tr>
<tr>
<td title='com.telus.testcases.EndToEndTestFlow.customerLogin5()'><b>customerLogin5</b><br>Test class: com.telus.testcases.EndToEndTestFlow<br/>
<a href="#Output-1299866826" onClick='toggleBox("Output-1299866826", this, "Show output", "Hide output");'>Show output</a>

<a href="#Output-1299866826" onClick="toggleAllBoxes();">Show all outputs</a>
<div class='log' id="Output-1299866826">
Create account link is clicked successfully<br/>
FirstName is displayed successfully as vijay<br/>
LastName is displayed successfully as Antony<br/>
SignUp button is displayeded successfully<br/>
SignUp button is enabled successfully<br/>
SignUp button is clicked<br/>
email is displayed successfully as krish719@gamil.com<br/>
email is displayed successfully as Antony@143<br/>
CreteAccount button is not Selected successfully<br/>
CreteAccount button is enabled successfully<br/>
CreteAccount button is clicked<br/>
passwordError Msg is displayed successfully<br/>
Actual and Expected title is same<br/>
The passwordError Msg is displayed as This is a required field.<br/>
</div>
</td>
<td></td>
<td>2</td>
<td>com.telus.testcases.EndToEndTestFlow@4f5991f6</td></tr>
<tr>
<td title='com.telus.testcases.EndToEndTestFlow.signInFunctionality1()'><b>signInFunctionality1</b><br>Test class: com.telus.testcases.EndToEndTestFlow<br/>
<a href="#Output-1935707824" onClick='toggleBox("Output-1935707824", this, "Show output", "Hide output");'>Show output</a>

<a href="#Output-1935707824" onClick="toggleAllBoxes();">Show all outputs</a>
<div class='log' id="Output-1935707824">
SignIn button is not displayed successfully<br/>
SignIn button is enabled successfully<br/>
SignUp button is clicked<br/>
Customer Login<br/>
Title is displayed as :Customer Login<br/>
password is displayed successfully as Antony@143<br/>
SignIn button is not Selected successfully<br/>
SignUp button is clicked<br/>
SignIn button is enabled successfully<br/>
emailError Msg is displayed successfully<br/>
Actual and Expected title is same<br/>
The emailError Msg is displayed as This is a required field.<br/>
</div>
</td>
<td></td>
<td>1</td>
<td>com.telus.testcases.EndToEndTestFlow@4f5991f6</td></tr>
<tr>
<td title='com.telus.testcases.EndToEndTestFlow.customerLogin()'><b>customerLogin</b><br>Test class: com.telus.testcases.EndToEndTestFlow<br/>
<a href="#Output-504538534" onClick='toggleBox("Output-504538534", this, "Show output", "Hide output");'>Show output</a>

<a href="#Output-504538534" onClick="toggleAllBoxes();">Show all outputs</a>
<div class='log' id="Output-504538534">
Create account link is clicked successfully<br/>
FirstName is displayed successfully as vijay<br/>
LastName is displayed successfully as Antony<br/>
SignUp button is displayeded successfully<br/>
SignUp button is enabled successfully<br/>
SignUp button is clicked<br/>
email is displayed successfully as krish719@gamil.com<br/>
email is displayed successfully as Antony@143<br/>
email is displayed successfully as Antony@143<br/>
CreteAccount button is not Selected successfully<br/>
CreteAccount button is enabled successfully<br/>
CreteAccount button is clicked<br/>
</div>
</td>
<td></td>
<td>8</td>
<td>com.telus.testcases.EndToEndTestFlow@4f5991f6</td></tr>
<tr>
<td title='com.telus.testcases.EndToEndTestFlow.customerLogin4()'><b>customerLogin4</b><br>Test class: com.telus.testcases.EndToEndTestFlow<br/>
<a href="#Output-1322341191" onClick='toggleBox("Output-1322341191", this, "Show output", "Hide output");'>Show output</a>

<a href="#Output-1322341191" onClick="toggleAllBoxes();">Show all outputs</a>
<div class='log' id="Output-1322341191">
Create account link is clicked successfully<br/>
FirstName is displayed successfully as vijay<br/>
LastName is displayed successfully as Antony<br/>
SignUp button is displayeded successfully<br/>
SignUp button is enabled successfully<br/>
SignUp button is clicked<br/>
email is displayed successfully as Antony@143<br/>
email is displayed successfully as Antony@143<br/>
CreteAccount button is not Selected successfully<br/>
CreteAccount button is enabled successfully<br/>
CreteAccount button is clicked<br/>
emailError Msg is displayed successfully<br/>
Actual and Expected title is same<br/>
The emailError Msg is displayed as This is a required field.<br/>
</div>
</td>
<td></td>
<td>2</td>
<td>com.telus.testcases.EndToEndTestFlow@4f5991f6</td></tr>
<tr>
<td title='com.telus.testcases.EndToEndTestFlow.signInFunctionality2()'><b>signInFunctionality2</b><br>Test class: com.telus.testcases.EndToEndTestFlow<br/>
<a href="#Output-377570010" onClick='toggleBox("Output-377570010", this, "Show output", "Hide output");'>Show output</a>

<a href="#Output-377570010" onClick="toggleAllBoxes();">Show all outputs</a>
<div class='log' id="Output-377570010">
SignIn button is not displayed successfully<br/>
SignIn button is enabled successfully<br/>
SignUp button is clicked<br/>
Customer Login<br/>
Title is displayed as :Customer Login<br/>
email is displayed successfully as krish719@gamil.com<br/>
SignIn button is not Selected successfully<br/>
SignUp button is clicked<br/>
SignIn button is enabled successfully<br/>
passwordError Msg is displayed successfully<br/>
Actual and Expected title is same<br/>
The passwordError Msg is displayed as This is a required field.<br/>
</div>
</td>
<td></td>
<td>1</td>
<td>com.telus.testcases.EndToEndTestFlow@4f5991f6</td></tr>
<tr>
<td title='com.telus.testcases.EndToEndTestFlow.signInFunctionality3()'><b>signInFunctionality3</b><br>Test class: com.telus.testcases.EndToEndTestFlow<br/>
<a href="#Output-146842175" onClick='toggleBox("Output-146842175", this, "Show output", "Hide output");'>Show output</a>

<a href="#Output-146842175" onClick="toggleAllBoxes();">Show all outputs</a>
<div class='log' id="Output-146842175">
SignIn button is not displayed successfully<br/>
SignIn button is enabled successfully<br/>
SignUp button is clicked<br/>
Customer Login<br/>
Title is displayed as :Customer Login<br/>
email is displayed successfully as krish719@gamil.com<br/>
password is displayed successfully as Antony@143<br/>
SignIn button is not Selected successfully<br/>
SignUp button is clicked<br/>
SignIn button is enabled successfully<br/>
</div>
</td>
<td></td>
<td>4</td>
<td>com.telus.testcases.EndToEndTestFlow@4f5991f6</td></tr>
</table><p>
</body>
</html>