<?xml version="1.0" encoding="UTF-8"?>
<!-- Generated by org.testng.reporters.JUnitXMLReporter -->
<testsuite ignored="0" hostname="DESKTOP-PVBHUTH" failures="1" tests="13" name="TestNg" time="78.438" errors="0" timestamp="2023-04-21T08:40:01 IST">
  <testcase classname="com.telus.testcases.EndToEndTestFlow" name="logoPageValidation" time="3.843"/>
  <testcase classname="com.telus.testcases.EndToEndTestFlow" name="customerLogin1" time="18.498">
    <failure type="org.openqa.selenium.NoSuchElementException" message="no such element: Unable to locate element: {&amp;quot;method&amp;quot;:&amp;quot;xpath&amp;quot;,&amp;quot;selector&amp;quot;:&amp;quot;//div[@id=&amp;apos;firstname-error&amp;apos;]&amp;quot;}
  (Session info: chrome=112.0.5615.137)
For documentation on this error, please visit: https://www.seleniumhq.org/exceptions/no_such_element.html
Build info: version: &amp;apos;3.141.59&amp;apos;, revision: &amp;apos;e82be7d358&amp;apos;, time: &amp;apos;2018-11-14T08:17:03&amp;apos;
System info: host: &amp;apos;DESKTOP-PVBHUTH&amp;apos;, ip: &amp;apos;192.168.43.154&amp;apos;, os.name: &amp;apos;Windows 10&amp;apos;, os.arch: &amp;apos;amd64&amp;apos;, os.version: &amp;apos;10.0&amp;apos;, java.version: &amp;apos;11.0.10&amp;apos;
Driver info: org.openqa.selenium.chrome.ChromeDriver
Capabilities {acceptInsecureCerts: false, browserName: chrome, browserVersion: 112.0.5615.137, chrome: {chromedriverVersion: 112.0.5615.49 (bd2a7bcb881c..., userDataDir: C:\Users\hellooo\AppData\Lo...}, goog:chromeOptions: {debuggerAddress: localhost:49998}, javascriptEnabled: true, networkConnectionEnabled: false, pageLoadStrategy: normal, platform: WINDOWS, platformName: WINDOWS, proxy: Proxy(), setWindowRect: true, strictFileInteractability: false, timeouts: {implicit: 0, pageLoad: 300000, script: 30000}, unhandledPromptBehavior: dismiss and notify, webauthn:extension:credBlob: true, webauthn:extension:largeBlob: true, webauthn:extension:minPinLength: true, webauthn:extension:prf: true, webauthn:virtualAuthenticators: true}
Session ID: a55d2a9cb958791b73bfa97b33bbed38
*** Element info: {Using=xpath, value=//div[@id=&amp;apos;firstname-error&amp;apos;]}">
      <![CDATA[org.openqa.selenium.NoSuchElementException: no such element: Unable to locate element: {"method":"xpath","selector":"//div[@id='firstname-error']"}
  (Session info: chrome=112.0.5615.137)
For documentation on this error, please visit: https://www.seleniumhq.org/exceptions/no_such_element.html
Build info: version: '3.141.59', revision: 'e82be7d358', time: '2018-11-14T08:17:03'
System info: host: 'DESKTOP-PVBHUTH', ip: '192.168.43.154', os.name: 'Windows 10', os.arch: 'amd64', os.version: '10.0', java.version: '11.0.10'
Driver info: org.openqa.selenium.chrome.ChromeDriver
Capabilities {acceptInsecureCerts: false, browserName: chrome, browserVersion: 112.0.5615.137, chrome: {chromedriverVersion: 112.0.5615.49 (bd2a7bcb881c..., userDataDir: C:\Users\hellooo\AppData\Lo...}, goog:chromeOptions: {debuggerAddress: localhost:49998}, javascriptEnabled: true, networkConnectionEnabled: false, pageLoadStrategy: normal, platform: WINDOWS, platformName: WINDOWS, proxy: Proxy(), setWindowRect: true, strictFileInteractability: false, timeouts: {implicit: 0, pageLoad: 300000, script: 30000}, unhandledPromptBehavior: dismiss and notify, webauthn:extension:credBlob: true, webauthn:extension:largeBlob: true, webauthn:extension:minPinLength: true, webauthn:extension:prf: true, webauthn:virtualAuthenticators: true}
Session ID: a55d2a9cb958791b73bfa97b33bbed38
*** Element info: {Using=xpath, value=//div[@id='firstname-error']}
at org.openqa.selenium.remote.http.W3CHttpResponseCodec.createException(W3CHttpResponseCodec.java:187)
at org.openqa.selenium.remote.http.W3CHttpResponseCodec.decode(W3CHttpResponseCodec.java:122)
at org.openqa.selenium.remote.http.W3CHttpResponseCodec.decode(W3CHttpResponseCodec.java:49)
at org.openqa.selenium.remote.HttpCommandExecutor.execute(HttpCommandExecutor.java:158)
at org.openqa.selenium.remote.service.DriverCommandExecutor.execute(DriverCommandExecutor.java:83)
at org.openqa.selenium.remote.RemoteWebDriver.execute(RemoteWebDriver.java:552)
at org.openqa.selenium.remote.RemoteWebDriver.findElement(RemoteWebDriver.java:323)
at org.openqa.selenium.remote.RemoteWebDriver.findElementByXPath(RemoteWebDriver.java:428)
at org.openqa.selenium.By$ByXPath.findElement(By.java:353)
at org.openqa.selenium.remote.RemoteWebDriver.findElement(RemoteWebDriver.java:315)
at org.openqa.selenium.support.pagefactory.DefaultElementLocator.findElement(DefaultElementLocator.java:69)
at org.openqa.selenium.support.pagefactory.internal.LocatingElementHandler.invoke(LocatingElementHandler.java:38)
at com.sun.proxy.$Proxy19.isDisplayed(Unknown Source)
at com.telus.pages.RegisterSignInPage.getFirstNameErrorMsg(RegisterSignInPage.java:104)
at com.telus.testcases.EndToEndTestFlow.customerLogin1(EndToEndTestFlow.java:75)
at java.base/java.util.ArrayList.forEach(ArrayList.java:1541)
... Removed 31 stack frames]]>
    </failure>
  </testcase> <!-- customerLogin1 -->
  <testcase classname="com.telus.testcases.EndToEndTestFlow" name="customerLogin2" time="3.326"/>
  <testcase classname="com.telus.testcases.EndToEndTestFlow" name="customerLogin3" time="3.003"/>
  <testcase classname="com.telus.testcases.EndToEndTestFlow" name="customerLogin4" time="2.869"/>
  <testcase classname="com.telus.testcases.EndToEndTestFlow" name="customerLogin5" time="3.178"/>
  <testcase classname="com.telus.testcases.EndToEndTestFlow" name="customerLogin6" time="3.183"/>
  <testcase classname="com.telus.testcases.EndToEndTestFlow" name="customerLogin" time="8.41"/>
  <testcase classname="com.telus.testcases.EndToEndTestFlow" name="signOutOption" time="3.267"/>
  <testcase classname="com.telus.testcases.EndToEndTestFlow" name="signInFunctionality" time="1.986"/>
  <testcase classname="com.telus.testcases.EndToEndTestFlow" name="signInFunctionality1" time="2.558"/>
  <testcase classname="com.telus.testcases.EndToEndTestFlow" name="signInFunctionality2" time="2.602"/>
  <testcase classname="com.telus.testcases.EndToEndTestFlow" name="signInFunctionality3" time="5.276"/>
</testsuite> <!-- TestNg -->
